<?xml version="1.0" encoding="UTF-8"?>
<!-- Generated by org.testng.reporters.JUnitReportReporter -->
<testsuite hostname="Manoj" failures="0" tests="1" name="testLayer.LoginTest" time="20.601" errors="0" timestamp="2023-08-09T21:54:12 EDT" skipped="0">
  <testcase classname="testLayer.LoginTest" name="KeepMeSignedIn" time="20.601"/>
</testsuite> <!-- testLayer.LoginTest -->
